
*** Running vivado
    with args -log au_top_0.vds -m64 -product Vivado -mode batch -messageDb vivado.pb -notrace -source au_top_0.tcl



****** Vivado v2020.2 (64-bit)
  **** SW Build 3064766 on Wed Nov 18 09:12:45 MST 2020
  **** IP Build 3064653 on Wed Nov 18 14:17:31 MST 2020
    ** Copyright 1986-2020 Xilinx, Inc. All Rights Reserved.

source au_top_0.tcl -notrace
Command: synth_design -top au_top_0 -part xc7a35tftg256-1
Starting synth_design
Attempting to get a license for feature 'Synthesis' and/or device 'xc7a35t'
INFO: [Common 17-349] Got license for feature 'Synthesis' and/or device 'xc7a35t'
INFO: [Device 21-403] Loading part xc7a35tftg256-1
INFO: [Synth 8-7079] Multithreading enabled for synth_design using a maximum of 2 processes.
INFO: [Synth 8-7078] Launching helper process for spawning children vivado processes
INFO: [Synth 8-7075] Helper process launched with PID 12044
---------------------------------------------------------------------------------
Starting RTL Elaboration : Time (s): cpu = 00:00:03 ; elapsed = 00:00:03 . Memory (MB): peak = 999.562 ; gain = 0.000
---------------------------------------------------------------------------------
INFO: [Synth 8-6157] synthesizing module 'au_top_0' [C:/Users/dianm/Desktop/Alchitry/1D_ALU/work/vivado/1D_ALU/1D_ALU.srcs/sources_1/imports/verilog/au_top_0.v:7]
	Parameter IDLE_test_mode bound to: 2'b00 
	Parameter MANUAL_test_mode bound to: 2'b01 
	Parameter AUTOMATIC_test_mode bound to: 2'b10 
INFO: [Synth 8-6157] synthesizing module 'button_conditioner_2' [C:/Users/dianm/Desktop/Alchitry/1D_ALU/work/vivado/1D_ALU/1D_ALU.srcs/sources_1/imports/verilog/button_conditioner_2.v:13]
	Parameter CLK_FREQ bound to: 26'b10111110101111000010000000 
	Parameter MIN_DELAY bound to: 5'b10100 
	Parameter NUM_SYNC bound to: 2'b10 
INFO: [Synth 8-6157] synthesizing module 'pipeline_7' [C:/Users/dianm/Desktop/Alchitry/1D_ALU/work/vivado/1D_ALU/1D_ALU.srcs/sources_1/imports/verilog/pipeline_7.v:11]
	Parameter DEPTH bound to: 2'b10 
INFO: [Synth 8-6155] done synthesizing module 'pipeline_7' (1#1) [C:/Users/dianm/Desktop/Alchitry/1D_ALU/work/vivado/1D_ALU/1D_ALU.srcs/sources_1/imports/verilog/pipeline_7.v:11]
INFO: [Synth 8-6155] done synthesizing module 'button_conditioner_2' (2#1) [C:/Users/dianm/Desktop/Alchitry/1D_ALU/work/vivado/1D_ALU/1D_ALU.srcs/sources_1/imports/verilog/button_conditioner_2.v:13]
INFO: [Synth 8-6157] synthesizing module 'edge_detector_3' [C:/Users/dianm/Desktop/Alchitry/1D_ALU/work/vivado/1D_ALU/1D_ALU.srcs/sources_1/imports/verilog/edge_detector_3.v:12]
	Parameter RISE bound to: 1'b1 
	Parameter FALL bound to: 1'b0 
INFO: [Synth 8-6155] done synthesizing module 'edge_detector_3' (3#1) [C:/Users/dianm/Desktop/Alchitry/1D_ALU/work/vivado/1D_ALU/1D_ALU.srcs/sources_1/imports/verilog/edge_detector_3.v:12]
INFO: [Synth 8-6157] synthesizing module 'reset_conditioner_1' [C:/Users/dianm/Desktop/Alchitry/1D_ALU/work/vivado/1D_ALU/1D_ALU.srcs/sources_1/imports/verilog/reset_conditioner_1.v:11]
	Parameter STAGES bound to: 3'b100 
INFO: [Synth 8-6155] done synthesizing module 'reset_conditioner_1' (4#1) [C:/Users/dianm/Desktop/Alchitry/1D_ALU/work/vivado/1D_ALU/1D_ALU.srcs/sources_1/imports/verilog/reset_conditioner_1.v:11]
INFO: [Synth 8-6157] synthesizing module 'auto_test_4' [C:/Users/dianm/Desktop/Alchitry/1D_ALU/work/vivado/1D_ALU/1D_ALU.srcs/sources_1/imports/verilog/auto_test_4.v:7]
	Parameter IDLE_test_states bound to: 3'b000 
	Parameter START_test_states bound to: 3'b001 
	Parameter PASS_test_states bound to: 3'b010 
	Parameter ERROR_test_states bound to: 3'b011 
	Parameter FINISH_test_states bound to: 3'b100 
INFO: [Synth 8-6157] synthesizing module 'alu_8' [C:/Users/dianm/Desktop/Alchitry/1D_ALU/work/vivado/1D_ALU/1D_ALU.srcs/sources_1/imports/verilog/alu_8.v:7]
INFO: [Synth 8-6157] synthesizing module 'comparator_14' [C:/Users/dianm/Desktop/Alchitry/1D_ALU/work/vivado/1D_ALU/1D_ALU.srcs/sources_1/imports/verilog/comparator_14.v:7]
INFO: [Synth 8-6155] done synthesizing module 'comparator_14' (5#1) [C:/Users/dianm/Desktop/Alchitry/1D_ALU/work/vivado/1D_ALU/1D_ALU.srcs/sources_1/imports/verilog/comparator_14.v:7]
INFO: [Synth 8-6157] synthesizing module 'adder_15' [C:/Users/dianm/Desktop/Alchitry/1D_ALU/work/vivado/1D_ALU/1D_ALU.srcs/sources_1/imports/verilog/adder_15.v:7]
INFO: [Synth 8-6155] done synthesizing module 'adder_15' (6#1) [C:/Users/dianm/Desktop/Alchitry/1D_ALU/work/vivado/1D_ALU/1D_ALU.srcs/sources_1/imports/verilog/adder_15.v:7]
INFO: [Synth 8-6157] synthesizing module 'shifter_16' [C:/Users/dianm/Desktop/Alchitry/1D_ALU/work/vivado/1D_ALU/1D_ALU.srcs/sources_1/imports/verilog/shifter_16.v:7]
INFO: [Synth 8-6155] done synthesizing module 'shifter_16' (7#1) [C:/Users/dianm/Desktop/Alchitry/1D_ALU/work/vivado/1D_ALU/1D_ALU.srcs/sources_1/imports/verilog/shifter_16.v:7]
INFO: [Synth 8-6157] synthesizing module 'boolean_17' [C:/Users/dianm/Desktop/Alchitry/1D_ALU/work/vivado/1D_ALU/1D_ALU.srcs/sources_1/imports/verilog/boolean_17.v:7]
INFO: [Synth 8-6155] done synthesizing module 'boolean_17' (8#1) [C:/Users/dianm/Desktop/Alchitry/1D_ALU/work/vivado/1D_ALU/1D_ALU.srcs/sources_1/imports/verilog/boolean_17.v:7]
INFO: [Synth 8-6157] synthesizing module 'multiplier_18' [C:/Users/dianm/Desktop/Alchitry/1D_ALU/work/vivado/1D_ALU/1D_ALU.srcs/sources_1/imports/verilog/multiplier_18.v:7]
INFO: [Synth 8-6155] done synthesizing module 'multiplier_18' (9#1) [C:/Users/dianm/Desktop/Alchitry/1D_ALU/work/vivado/1D_ALU/1D_ALU.srcs/sources_1/imports/verilog/multiplier_18.v:7]
INFO: [Synth 8-6155] done synthesizing module 'alu_8' (10#1) [C:/Users/dianm/Desktop/Alchitry/1D_ALU/work/vivado/1D_ALU/1D_ALU.srcs/sources_1/imports/verilog/alu_8.v:7]
INFO: [Synth 8-6157] synthesizing module 'external_error_9' [C:/Users/dianm/Desktop/Alchitry/1D_ALU/work/vivado/1D_ALU/1D_ALU.srcs/sources_1/imports/verilog/external_error_9.v:7]
INFO: [Synth 8-6155] done synthesizing module 'external_error_9' (11#1) [C:/Users/dianm/Desktop/Alchitry/1D_ALU/work/vivado/1D_ALU/1D_ALU.srcs/sources_1/imports/verilog/external_error_9.v:7]
INFO: [Synth 8-6157] synthesizing module 'counter_10' [C:/Users/dianm/Desktop/Alchitry/1D_ALU/work/vivado/1D_ALU/1D_ALU.srcs/sources_1/imports/verilog/counter_10.v:14]
	Parameter SIZE bound to: 1'b1 
	Parameter DIV bound to: 5'b11011 
	Parameter TOP bound to: 1'b0 
	Parameter UP bound to: 1'b1 
	Parameter MAX_VALUE bound to: 28'b0111111111111111111111111111 
INFO: [Synth 8-6155] done synthesizing module 'counter_10' (12#1) [C:/Users/dianm/Desktop/Alchitry/1D_ALU/work/vivado/1D_ALU/1D_ALU.srcs/sources_1/imports/verilog/counter_10.v:14]
INFO: [Synth 8-155] case statement is not full and has no default [C:/Users/dianm/Desktop/Alchitry/1D_ALU/work/vivado/1D_ALU/1D_ALU.srcs/sources_1/imports/verilog/auto_test_4.v:102]
INFO: [Synth 8-155] case statement is not full and has no default [C:/Users/dianm/Desktop/Alchitry/1D_ALU/work/vivado/1D_ALU/1D_ALU.srcs/sources_1/imports/verilog/auto_test_4.v:93]
INFO: [Synth 8-6155] done synthesizing module 'auto_test_4' (13#1) [C:/Users/dianm/Desktop/Alchitry/1D_ALU/work/vivado/1D_ALU/1D_ALU.srcs/sources_1/imports/verilog/auto_test_4.v:7]
INFO: [Synth 8-6157] synthesizing module 'manual_test_5' [C:/Users/dianm/Desktop/Alchitry/1D_ALU/work/vivado/1D_ALU/1D_ALU.srcs/sources_1/imports/verilog/manual_test_5.v:7]
	Parameter IDLE_man_states bound to: 3'b000 
	Parameter WAITA_man_states bound to: 3'b001 
	Parameter WAITB_man_states bound to: 3'b010 
	Parameter WAITOP_man_states bound to: 3'b011 
	Parameter CHECKALU_man_states bound to: 3'b100 
INFO: [Synth 8-155] case statement is not full and has no default [C:/Users/dianm/Desktop/Alchitry/1D_ALU/work/vivado/1D_ALU/1D_ALU.srcs/sources_1/imports/verilog/manual_test_5.v:70]
INFO: [Synth 8-6155] done synthesizing module 'manual_test_5' (14#1) [C:/Users/dianm/Desktop/Alchitry/1D_ALU/work/vivado/1D_ALU/1D_ALU.srcs/sources_1/imports/verilog/manual_test_5.v:7]
INFO: [Synth 8-6157] synthesizing module 'multi_seven_seg_6' [C:/Users/dianm/Desktop/Alchitry/1D_ALU/work/vivado/1D_ALU/1D_ALU.srcs/sources_1/imports/verilog/multi_seven_seg_6.v:12]
	Parameter DIGITS bound to: 3'b100 
	Parameter DIV bound to: 5'b10000 
	Parameter DIGIT_BITS bound to: 2'b10 
INFO: [Synth 8-6157] synthesizing module 'counter_11' [C:/Users/dianm/Desktop/Alchitry/1D_ALU/work/vivado/1D_ALU/1D_ALU.srcs/sources_1/imports/verilog/counter_11.v:14]
	Parameter SIZE bound to: 2'b10 
	Parameter DIV bound to: 5'b10000 
	Parameter TOP bound to: 4'b0011 
	Parameter UP bound to: 1'b1 
	Parameter MAX_VALUE bound to: 20'b00111111111111111111 
INFO: [Synth 8-6155] done synthesizing module 'counter_11' (15#1) [C:/Users/dianm/Desktop/Alchitry/1D_ALU/work/vivado/1D_ALU/1D_ALU.srcs/sources_1/imports/verilog/counter_11.v:14]
INFO: [Synth 8-6157] synthesizing module 'seven_seg_12' [C:/Users/dianm/Desktop/Alchitry/1D_ALU/work/vivado/1D_ALU/1D_ALU.srcs/sources_1/imports/verilog/seven_seg_12.v:7]
INFO: [Synth 8-6155] done synthesizing module 'seven_seg_12' (16#1) [C:/Users/dianm/Desktop/Alchitry/1D_ALU/work/vivado/1D_ALU/1D_ALU.srcs/sources_1/imports/verilog/seven_seg_12.v:7]
INFO: [Synth 8-6157] synthesizing module 'decoder_13' [C:/Users/dianm/Desktop/Alchitry/1D_ALU/work/vivado/1D_ALU/1D_ALU.srcs/sources_1/imports/verilog/decoder_13.v:11]
	Parameter WIDTH bound to: 2'b10 
INFO: [Synth 8-6155] done synthesizing module 'decoder_13' (17#1) [C:/Users/dianm/Desktop/Alchitry/1D_ALU/work/vivado/1D_ALU/1D_ALU.srcs/sources_1/imports/verilog/decoder_13.v:11]
INFO: [Synth 8-6155] done synthesizing module 'multi_seven_seg_6' (18#1) [C:/Users/dianm/Desktop/Alchitry/1D_ALU/work/vivado/1D_ALU/1D_ALU.srcs/sources_1/imports/verilog/multi_seven_seg_6.v:12]
INFO: [Synth 8-155] case statement is not full and has no default [C:/Users/dianm/Desktop/Alchitry/1D_ALU/work/vivado/1D_ALU/1D_ALU.srcs/sources_1/imports/verilog/au_top_0.v:130]
INFO: [Synth 8-6155] done synthesizing module 'au_top_0' (19#1) [C:/Users/dianm/Desktop/Alchitry/1D_ALU/work/vivado/1D_ALU/1D_ALU.srcs/sources_1/imports/verilog/au_top_0.v:7]
---------------------------------------------------------------------------------
Finished RTL Elaboration : Time (s): cpu = 00:00:04 ; elapsed = 00:00:04 . Memory (MB): peak = 999.562 ; gain = 0.000
---------------------------------------------------------------------------------
---------------------------------------------------------------------------------
Start Handling Custom Attributes
---------------------------------------------------------------------------------
---------------------------------------------------------------------------------
Finished Handling Custom Attributes : Time (s): cpu = 00:00:04 ; elapsed = 00:00:05 . Memory (MB): peak = 999.562 ; gain = 0.000
---------------------------------------------------------------------------------
---------------------------------------------------------------------------------
Finished RTL Optimization Phase 1 : Time (s): cpu = 00:00:04 ; elapsed = 00:00:05 . Memory (MB): peak = 999.562 ; gain = 0.000
---------------------------------------------------------------------------------
Netlist sorting complete. Time (s): cpu = 00:00:00 ; elapsed = 00:00:00.011 . Memory (MB): peak = 999.562 ; gain = 0.000
INFO: [Project 1-570] Preparing netlist for logic optimization

Processing XDC Constraints
Initializing timing engine
Parsing XDC File [C:/Users/dianm/Desktop/Alchitry/1D_ALU/work/constraint/alchitry.xdc]
Finished Parsing XDC File [C:/Users/dianm/Desktop/Alchitry/1D_ALU/work/constraint/alchitry.xdc]
INFO: [Project 1-236] Implementation specific constraints were found while reading constraint file [C:/Users/dianm/Desktop/Alchitry/1D_ALU/work/constraint/alchitry.xdc]. These constraints will be ignored for synthesis but will be used in implementation. Impacted constraints are listed in the file [.Xil/au_top_0_propImpl.xdc].
Resolution: To avoid this warning, move constraints listed in [.Xil/au_top_0_propImpl.xdc] to another XDC file and exclude this new file from synthesis with the used_in_synthesis property (File Properties dialog in GUI) and re-run elaboration/synthesis.
Parsing XDC File [C:/Users/dianm/Desktop/Alchitry/1D_ALU/work/constraint/io.xdc]
Finished Parsing XDC File [C:/Users/dianm/Desktop/Alchitry/1D_ALU/work/constraint/io.xdc]
INFO: [Project 1-236] Implementation specific constraints were found while reading constraint file [C:/Users/dianm/Desktop/Alchitry/1D_ALU/work/constraint/io.xdc]. These constraints will be ignored for synthesis but will be used in implementation. Impacted constraints are listed in the file [.Xil/au_top_0_propImpl.xdc].
Resolution: To avoid this warning, move constraints listed in [.Xil/au_top_0_propImpl.xdc] to another XDC file and exclude this new file from synthesis with the used_in_synthesis property (File Properties dialog in GUI) and re-run elaboration/synthesis.
Parsing XDC File [C:/Program Files/Alchitry/Alchitry Labs/library/components/au.xdc]
Finished Parsing XDC File [C:/Program Files/Alchitry/Alchitry Labs/library/components/au.xdc]
Completed Processing XDC Constraints

Netlist sorting complete. Time (s): cpu = 00:00:00 ; elapsed = 00:00:00.001 . Memory (MB): peak = 999.562 ; gain = 0.000
INFO: [Project 1-111] Unisim Transformation Summary:
No Unisim elements were transformed.

Constraint Validation Runtime : Time (s): cpu = 00:00:00 ; elapsed = 00:00:00.003 . Memory (MB): peak = 999.562 ; gain = 0.000
---------------------------------------------------------------------------------
Finished Constraint Validation : Time (s): cpu = 00:00:08 ; elapsed = 00:00:09 . Memory (MB): peak = 999.562 ; gain = 0.000
---------------------------------------------------------------------------------
---------------------------------------------------------------------------------
Start Loading Part and Timing Information
---------------------------------------------------------------------------------
Loading part: xc7a35tftg256-1
---------------------------------------------------------------------------------
Finished Loading Part and Timing Information : Time (s): cpu = 00:00:08 ; elapsed = 00:00:09 . Memory (MB): peak = 999.562 ; gain = 0.000
---------------------------------------------------------------------------------
---------------------------------------------------------------------------------
Start Applying 'set_property' XDC Constraints
---------------------------------------------------------------------------------
---------------------------------------------------------------------------------
Finished applying 'set_property' XDC Constraints : Time (s): cpu = 00:00:08 ; elapsed = 00:00:10 . Memory (MB): peak = 999.562 ; gain = 0.000
---------------------------------------------------------------------------------
INFO: [Synth 8-802] inferred FSM for state register 'M_test_cases_q_reg' in module 'auto_test_4'
INFO: [Synth 8-802] inferred FSM for state register 'M_man_states_q_reg' in module 'manual_test_5'
INFO: [Synth 8-802] inferred FSM for state register 'M_test_mode_q_reg' in module 'au_top_0'
---------------------------------------------------------------------------------------------------
                   State |                     New Encoding |                Previous Encoding 
---------------------------------------------------------------------------------------------------
                 iSTATE3 |                             0000 |                             0000
                 iSTATE2 |                             0001 |                             0001
                 iSTATE1 |                             0010 |                             0010
                  iSTATE |                             0011 |                             0011
                 iSTATE0 |                             0100 |                             0100
                 iSTATE8 |                             0101 |                             0101
                 iSTATE6 |                             0110 |                             0110
                 iSTATE5 |                             0111 |                             0111
                 iSTATE7 |                             1000 |                             1000
                 iSTATE4 |                             1001 |                             1001
---------------------------------------------------------------------------------------------------
INFO: [Synth 8-3354] encoded FSM with state register 'M_test_cases_q_reg' using encoding 'sequential' in module 'auto_test_4'
---------------------------------------------------------------------------------------------------
                   State |                     New Encoding |                Previous Encoding 
---------------------------------------------------------------------------------------------------
         IDLE_man_states |                            00001 |                              000
        WAITA_man_states |                            00010 |                              001
        WAITB_man_states |                            00100 |                              010
       WAITOP_man_states |                            01000 |                              011
     CHECKALU_man_states |                            10000 |                              100
---------------------------------------------------------------------------------------------------
INFO: [Synth 8-3354] encoded FSM with state register 'M_man_states_q_reg' using encoding 'one-hot' in module 'manual_test_5'
---------------------------------------------------------------------------------------------------
                   State |                     New Encoding |                Previous Encoding 
---------------------------------------------------------------------------------------------------
          IDLE_test_mode |                               00 |                               00
        MANUAL_test_mode |                               01 |                               01
     AUTOMATIC_test_mode |                               10 |                               10
---------------------------------------------------------------------------------------------------
INFO: [Synth 8-3354] encoded FSM with state register 'M_test_mode_q_reg' using encoding 'sequential' in module 'au_top_0'
---------------------------------------------------------------------------------
Finished RTL Optimization Phase 2 : Time (s): cpu = 00:00:09 ; elapsed = 00:00:10 . Memory (MB): peak = 999.562 ; gain = 0.000
---------------------------------------------------------------------------------
---------------------------------------------------------------------------------
Start RTL Component Statistics 
---------------------------------------------------------------------------------
Detailed RTL Component Info : 
+---Adders : 
	   2 Input   18 Bit       Adders := 1     
	   2 Input   16 Bit       Adders := 2     
	   3 Input   16 Bit       Adders := 2     
+---XORs : 
	   2 Input     16 Bit         XORs := 3     
	   2 Input      1 Bit         XORs := 4     
+---Registers : 
	               18 Bit    Registers := 1     
	               16 Bit    Registers := 2     
	                6 Bit    Registers := 1     
	                4 Bit    Registers := 1     
	                3 Bit    Registers := 1     
	                2 Bit    Registers := 3     
	                1 Bit    Registers := 4     
+---Muxes : 
	   3 Input   24 Bit        Muxes := 1     
	  10 Input   20 Bit        Muxes := 1     
	   6 Input   20 Bit        Muxes := 1     
	   5 Input   20 Bit        Muxes := 1     
	   3 Input   20 Bit        Muxes := 1     
	   2 Input   18 Bit        Muxes := 1     
	   3 Input   16 Bit        Muxes := 3     
	   4 Input   16 Bit        Muxes := 4     
	   2 Input   16 Bit        Muxes := 9     
	  10 Input   16 Bit        Muxes := 2     
	   6 Input   16 Bit        Muxes := 3     
	   5 Input   16 Bit        Muxes := 5     
	   3 Input    8 Bit        Muxes := 1     
	   5 Input    6 Bit        Muxes := 2     
	   4 Input    5 Bit        Muxes := 1     
	  16 Input    4 Bit        Muxes := 1     
	  10 Input    3 Bit        Muxes := 1     
	   6 Input    3 Bit        Muxes := 1     
	  10 Input    2 Bit        Muxes := 1     
	   6 Input    2 Bit        Muxes := 1     
	   3 Input    2 Bit        Muxes := 1     
	   4 Input    1 Bit        Muxes := 14    
	   2 Input    1 Bit        Muxes := 14    
	   6 Input    1 Bit        Muxes := 5     
	  10 Input    1 Bit        Muxes := 2     
	   5 Input    1 Bit        Muxes := 6     
	   3 Input    1 Bit        Muxes := 2     
---------------------------------------------------------------------------------
Finished RTL Component Statistics 
---------------------------------------------------------------------------------
---------------------------------------------------------------------------------
Start Part Resource Summary
---------------------------------------------------------------------------------
Part Resources:
DSPs: 90 (col length:60)
BRAMs: 100 (col length: RAMB18 60 RAMB36 30)
---------------------------------------------------------------------------------
Finished Part Resource Summary
---------------------------------------------------------------------------------
---------------------------------------------------------------------------------
Start Cross Boundary and Area Optimization
---------------------------------------------------------------------------------
DSP Report: Generating DSP alu16/mult/out0, operation Mode is: A*B.
DSP Report: operator alu16/mult/out0 is absorbed into DSP alu16/mult/out0.
DSP Report: Generating DSP alu16/mult/out0, operation Mode is: A*B.
DSP Report: operator alu16/mult/out0 is absorbed into DSP alu16/mult/out0.
---------------------------------------------------------------------------------
Finished Cross Boundary and Area Optimization : Time (s): cpu = 00:00:12 ; elapsed = 00:00:14 . Memory (MB): peak = 999.562 ; gain = 0.000
---------------------------------------------------------------------------------
---------------------------------------------------------------------------------
Start ROM, RAM, DSP, Shift Register and Retiming Reporting
---------------------------------------------------------------------------------

ROM: Preliminary Mapping	Report
+------------------+--------------+---------------+----------------+
|Module Name       | RTL Object   | Depth x Width | Implemented As | 
+------------------+--------------+---------------+----------------+
|seven_seg_12      | segs         | 32x7          | LUT            | 
|multi_seven_seg_6 | seg_dec/segs | 32x7          | LUT            | 
+------------------+--------------+---------------+----------------+


DSP: Preliminary Mapping	Report (see note below)
+--------------+-------------+--------+--------+--------+--------+--------+------+------+------+------+-------+------+------+
|Module Name   | DSP Mapping | A Size | B Size | C Size | D Size | P Size | AREG | BREG | CREG | DREG | ADREG | MREG | PREG | 
+--------------+-------------+--------+--------+--------+--------+--------+------+------+------+------+-------+------+------+
|multiplier_18 | A*B         | 16     | 16     | -      | -      | 32     | 0    | 0    | -    | -    | -     | 0    | 0    | 
|multiplier_18 | A*B         | 16     | 16     | -      | -      | 32     | 0    | 0    | -    | -    | -     | 0    | 0    | 
+--------------+-------------+--------+--------+--------+--------+--------+------+------+------+------+-------+------+------+

Note: The table above is a preliminary report that shows the DSPs inferred at the current stage of the synthesis flow. Some DSP may be reimplemented as non DSP primitives later in the synthesis flow. Multiple instantiated DSPs are reported only once.
---------------------------------------------------------------------------------
Finished ROM, RAM, DSP, Shift Register and Retiming Reporting
---------------------------------------------------------------------------------
---------------------------------------------------------------------------------
Start Applying XDC Timing Constraints
---------------------------------------------------------------------------------
---------------------------------------------------------------------------------
Finished Applying XDC Timing Constraints : Time (s): cpu = 00:00:18 ; elapsed = 00:00:21 . Memory (MB): peak = 999.562 ; gain = 0.000
---------------------------------------------------------------------------------
---------------------------------------------------------------------------------
Start Timing Optimization
---------------------------------------------------------------------------------
---------------------------------------------------------------------------------
Finished Timing Optimization : Time (s): cpu = 00:00:21 ; elapsed = 00:00:23 . Memory (MB): peak = 1062.125 ; gain = 62.562
---------------------------------------------------------------------------------
---------------------------------------------------------------------------------
Start Technology Mapping
---------------------------------------------------------------------------------
---------------------------------------------------------------------------------
Finished Technology Mapping : Time (s): cpu = 00:00:21 ; elapsed = 00:00:24 . Memory (MB): peak = 1063.168 ; gain = 63.605
---------------------------------------------------------------------------------
---------------------------------------------------------------------------------
Start IO Insertion
---------------------------------------------------------------------------------
---------------------------------------------------------------------------------
Start Flattening Before IO Insertion
---------------------------------------------------------------------------------
---------------------------------------------------------------------------------
Finished Flattening Before IO Insertion
---------------------------------------------------------------------------------
---------------------------------------------------------------------------------
Start Final Netlist Cleanup
---------------------------------------------------------------------------------
---------------------------------------------------------------------------------
Finished Final Netlist Cleanup
---------------------------------------------------------------------------------
---------------------------------------------------------------------------------
Finished IO Insertion : Time (s): cpu = 00:00:23 ; elapsed = 00:00:26 . Memory (MB): peak = 1065.027 ; gain = 65.465
---------------------------------------------------------------------------------
---------------------------------------------------------------------------------
Start Renaming Generated Instances
---------------------------------------------------------------------------------
---------------------------------------------------------------------------------
Finished Renaming Generated Instances : Time (s): cpu = 00:00:23 ; elapsed = 00:00:26 . Memory (MB): peak = 1065.027 ; gain = 65.465
---------------------------------------------------------------------------------
---------------------------------------------------------------------------------
Start Rebuilding User Hierarchy
---------------------------------------------------------------------------------
---------------------------------------------------------------------------------
Finished Rebuilding User Hierarchy : Time (s): cpu = 00:00:23 ; elapsed = 00:00:26 . Memory (MB): peak = 1065.027 ; gain = 65.465
---------------------------------------------------------------------------------
---------------------------------------------------------------------------------
Start Renaming Generated Ports
---------------------------------------------------------------------------------
---------------------------------------------------------------------------------
Finished Renaming Generated Ports : Time (s): cpu = 00:00:23 ; elapsed = 00:00:26 . Memory (MB): peak = 1065.027 ; gain = 65.465
---------------------------------------------------------------------------------
---------------------------------------------------------------------------------
Start Handling Custom Attributes
---------------------------------------------------------------------------------
---------------------------------------------------------------------------------
Finished Handling Custom Attributes : Time (s): cpu = 00:00:23 ; elapsed = 00:00:26 . Memory (MB): peak = 1065.027 ; gain = 65.465
---------------------------------------------------------------------------------
---------------------------------------------------------------------------------
Start Renaming Generated Nets
---------------------------------------------------------------------------------
---------------------------------------------------------------------------------
Finished Renaming Generated Nets : Time (s): cpu = 00:00:23 ; elapsed = 00:00:26 . Memory (MB): peak = 1065.027 ; gain = 65.465
---------------------------------------------------------------------------------
---------------------------------------------------------------------------------
Start Writing Synthesis Report
---------------------------------------------------------------------------------

Report BlackBoxes: 
+-+--------------+----------+
| |BlackBox name |Instances |
+-+--------------+----------+
+-+--------------+----------+

Report Cell Usage: 
+------+--------+------+
|      |Cell    |Count |
+------+--------+------+
|1     |BUFG    |     1|
|2     |CARRY4  |   114|
|3     |DSP48E1 |     2|
|4     |LUT1    |     9|
|5     |LUT2    |   162|
|6     |LUT3    |    70|
|7     |LUT4    |   329|
|8     |LUT5    |    42|
|9     |LUT6    |   249|
|10    |FDRE    |   147|
|11    |FDSE    |     5|
|12    |IBUF    |    29|
|13    |OBUF    |    45|
+------+--------+------+
---------------------------------------------------------------------------------
Finished Writing Synthesis Report : Time (s): cpu = 00:00:23 ; elapsed = 00:00:26 . Memory (MB): peak = 1065.027 ; gain = 65.465
---------------------------------------------------------------------------------
Synthesis finished with 0 errors, 0 critical warnings and 0 warnings.
Synthesis Optimization Runtime : Time (s): cpu = 00:00:17 ; elapsed = 00:00:25 . Memory (MB): peak = 1065.027 ; gain = 65.465
Synthesis Optimization Complete : Time (s): cpu = 00:00:23 ; elapsed = 00:00:27 . Memory (MB): peak = 1065.027 ; gain = 65.465
INFO: [Project 1-571] Translating synthesized netlist
Netlist sorting complete. Time (s): cpu = 00:00:00 ; elapsed = 00:00:00.016 . Memory (MB): peak = 1077.086 ; gain = 0.000
INFO: [Netlist 29-17] Analyzing 116 Unisim elements for replacement
INFO: [Netlist 29-28] Unisim Transformation completed in 0 CPU seconds
INFO: [Project 1-570] Preparing netlist for logic optimization
INFO: [Opt 31-138] Pushed 0 inverter(s) to 0 load pin(s).
Netlist sorting complete. Time (s): cpu = 00:00:00 ; elapsed = 00:00:00 . Memory (MB): peak = 1077.086 ; gain = 0.000
INFO: [Project 1-111] Unisim Transformation Summary:
No Unisim elements were transformed.

INFO: [Common 17-83] Releasing license: Synthesis
64 Infos, 0 Warnings, 0 Critical Warnings and 0 Errors encountered.
synth_design completed successfully
synth_design: Time (s): cpu = 00:00:26 ; elapsed = 00:00:33 . Memory (MB): peak = 1077.086 ; gain = 77.523
INFO: [Common 17-1381] The checkpoint 'C:/Users/dianm/Desktop/Alchitry/1D_ALU/work/vivado/1D_ALU/1D_ALU.runs/synth_1/au_top_0.dcp' has been generated.
INFO: [runtcl-4] Executing : report_utilization -file au_top_0_utilization_synth.rpt -pb au_top_0_utilization_synth.pb
INFO: [Common 17-206] Exiting Vivado at Sun Mar 12 19:31:13 2023...
